[33m❯[39m Building...
[32m✔[39m Building...
[35mBrowser bundles[39m      
[1mInitial chunk files[22m  [2m | [22m[1mNames[22m           [2m | [22m [1mRaw size[22m[2m | [22m[1mEstimated transfer size[22m
[32mmain-XRZDXBOS.js[39m     [2m | [22m[2mmain[22m            [2m | [22m[36m243.82 kB[39m[2m | [22m               [36m67.41 kB[39m
[32mpolyfills-B6TNHZQ6.js[39m[2m | [22m[2mpolyfills[22m       [2m | [22m [36m34.58 kB[39m[2m | [22m               [36m11.32 kB[39m
[32mstyles-5INURTSO.css[39m  [2m | [22m[2mstyles[22m          [2m | [22m  [36m0 bytes[39m[2m | [22m                [36m0 bytes[39m

[1m [22m                    [2m | [22m[1mInitial total[22m   [2m | [22m[1m278.40 kB[22m[2m | [22m               [1m78.73 kB[22m


[35mServer bundles[39m       
[1mInitial chunk files[22m  [2m | [22m[1mNames[22m           [2m | [22m [1mRaw size[22m
[32mserver.mjs[39m           [2m | [22m[2mserver[22m          [2m | [22m[36m845.38 kB[39m[2m | [22m                       
[32mmain.server.mjs[39m      [2m | [22m[2mmain.server[22m     [2m | [22m[36m687.58 kB[39m[2m | [22m                       
[32mpolyfills.server.mjs[39m [2m | [22m[2mpolyfills.server[22m[2m | [22m[36m266.08 kB[39m[2m | [22m                       
[32mchunk-X2SEQXRR.mjs[39m   [2m | [22m[2m-[22m               [2m | [22m  [36m2.41 kB[39m[2m | [22m                       
[32mchunk-GFUZYSQG.mjs[39m   [2m | [22m[2m-[22m               [2m | [22m  [36m1.24 kB[39m[2m | [22m                       

[1mLazy chunk files[22m     [2m | [22m[1mNames[22m           [2m | [22m [1mRaw size[22m
[32mchunk-EJSJJTUO.mjs[39m   [2m | [22m[2mxhr2[22m            [2m | [22m [36m12.14 kB[39m[2m | [22m                       
[32mchunk-TNO4MGIL.mjs[39m   [2m | [22m[2mxhr2[22m            [2m | [22m [36m12.07 kB[39m[2m | [22m                       

[35mPrerendered 1 static route.[39m
Application bundle generation complete. [21.460 seconds]

Output location: /home/runner/work/demoCodeGenAngular/demoCodeGenAngular/repositorio-base/empleados/dist/empleados

